<?xml version="1.0" encoding="UTF-8"?>
<!-- Generated by org.testng.reporters.JUnitReportReporter -->
<testsuite hostname="DESKTOP-FG2O1ER" failures="0" tests="3" name="testpkg.Logtest" time="3.347" errors="0" timestamp="2024-05-10T01:35:41 IST" skipped="0">
  <testcase classname="testpkg.Logtest" name="verifyLogin" time="2.266"/>
  <testcase classname="testpkg.Logtest" name="addCart" time="0.434"/>
  <testcase classname="testpkg.Logtest" name="addInfo" time="0.647"/>
</testsuite> <!-- testpkg.Logtest -->
